<?xml version="1.0" encoding="UTF-8"?>
<!-- Generated by org.testng.reporters.JUnitXMLReporter -->
<testsuite hostname="Milenas-MacBook-Pro.local" ignored="0" name="Default test" tests="9" failures="0" timestamp="18 Jun 2019 03:22:03 GMT" time="117.014" errors="0">
  <testcase name="addEmployee" time="9.54" classname="com.syntax.testcases.AddEmployeePageTest"/>
  <testcase name="addEmployee" time="9.793" classname="com.syntax.testcases.AddEmployeePageTest"/>
  <testcase name="addEmployee" time="10.469" classname="com.syntax.testcases.AddEmployeePageTest"/>
  <testcase name="addEmployee" time="10.69" classname="com.syntax.testcases.AddEmployeePageTest"/>
  <testcase name="addEmployee" time="10.813" classname="com.syntax.testcases.AddEmployeePageTest"/>
  <testcase name="addEmployee" time="9.942" classname="com.syntax.testcases.AddEmployeePageTest"/>
  <testcase name="addEmployee" time="9.759" classname="com.syntax.testcases.AddEmployeePageTest"/>
  <testcase name="addEmployee" time="10.212" classname="com.syntax.testcases.AddEmployeePageTest"/>
  <testcase name="addEmployee" time="9.92" classname="com.syntax.testcases.AddEmployeePageTest"/>
</testsuite> <!-- Default test -->
